<?xml version="1.0" encoding="UTF-8"?>
<!-- Generated by org.testng.reporters.JUnitReportReporter -->
<testsuite skipped="0" hostname="ddc2-l-7381kw2" name="com.MyInnovation.Tests.Verify_Login" tests="1" failures="0" timestamp="25 May 2020 04:18:17 GMT" time="27.013" errors="0">
  <testcase name="Login_Application" time="27.013" classname="com.MyInnovation.Tests.Verify_Login"/>
</testsuite> <!-- com.MyInnovation.Tests.Verify_Login -->
